push/build/outputs/logs/manifest-merger-debug-report.txt
-- Merging decision tree log ---
manifest
ADDED from CDTCAssistant/push/AndroidManifest.xml:2:1-232:12
INJECTED from CDTCAssistant/push/AndroidManifest.xml:2:1-232:12
INJECTED from CDTCAssistant/push/AndroidManifest.xml:2:1-232:12
INJECTED from CDTCAssistant/push/AndroidManifest.xml:2:1-232:12
INJECTED from CDTCAssistant/push/AndroidManifest.xml:2:1-232:12
INJECTED from CDTCAssistant/push/AndroidManifest.xml:2:1-232:12
INJECTED from CDTCAssistant/push/AndroidManifest.xml:2:1-232:12
	package
		ADDED from CDTCAssistant/push/AndroidManifest.xml:3:5-36
		INJECTED from CDTCAssistant/push/AndroidManifest.xml
		INJECTED from CDTCAssistant/push/AndroidManifest.xml
	android:versionName
		ADDED from CDTCAssistant/push/AndroidManifest.xml:5:5-30
		INJECTED from CDTCAssistant/push/AndroidManifest.xml
		INJECTED from CDTCAssistant/push/AndroidManifest.xml
	xmlns:android
		ADDED from CDTCAssistant/push/AndroidManifest.xml:2:11-69
	android:versionCode
		ADDED from CDTCAssistant/push/AndroidManifest.xml:4:5-28
		INJECTED from CDTCAssistant/push/AndroidManifest.xml
		INJECTED from CDTCAssistant/push/AndroidManifest.xml
permission#${applicationId}.permission.MIPUSH_RECEIVE
ADDED from CDTCAssistant/push/AndroidManifest.xml:7:5-9:55
	android:protectionLevel
		ADDED from CDTCAssistant/push/AndroidManifest.xml:9:9-52
	android:name
		ADDED from CDTCAssistant/push/AndroidManifest.xml:8:9-66
uses-permission#android.permission.INTERNET
ADDED from CDTCAssistant/push/AndroidManifest.xml:11:5-67
	android:name
		ADDED from CDTCAssistant/push/AndroidManifest.xml:11:22-64
uses-permission#android.permission.ACCESS_NETWORK_STATE
ADDED from CDTCAssistant/push/AndroidManifest.xml:12:5-79
	android:name
		ADDED from CDTCAssistant/push/AndroidManifest.xml:12:22-76
uses-permission#android.permission.ACCESS_WIFI_STATE
ADDED from CDTCAssistant/push/AndroidManifest.xml:13:5-76
	android:name
		ADDED from CDTCAssistant/push/AndroidManifest.xml:13:22-73
uses-permission#android.permission.WRITE_EXTERNAL_STORAGE
ADDED from CDTCAssistant/push/AndroidManifest.xml:14:5-81
	android:name
		ADDED from CDTCAssistant/push/AndroidManifest.xml:14:22-78
uses-permission#android.permission.WAKE_LOCK
ADDED from CDTCAssistant/push/AndroidManifest.xml:15:5-68
	android:name
		ADDED from CDTCAssistant/push/AndroidManifest.xml:15:22-65
uses-permission#android.permission.READ_PHONE_STATE
ADDED from CDTCAssistant/push/AndroidManifest.xml:16:5-75
	android:name
		ADDED from CDTCAssistant/push/AndroidManifest.xml:16:22-72
uses-permission#android.permission.BROADCAST_PACKAGE_ADDED
ADDED from CDTCAssistant/push/AndroidManifest.xml:17:5-82
	android:name
		ADDED from CDTCAssistant/push/AndroidManifest.xml:17:22-79
uses-permission#android.permission.BROADCAST_PACKAGE_CHANGED
ADDED from CDTCAssistant/push/AndroidManifest.xml:18:5-84
	android:name
		ADDED from CDTCAssistant/push/AndroidManifest.xml:18:22-81
uses-permission#android.permission.BROADCAST_PACKAGE_INSTALL
ADDED from CDTCAssistant/push/AndroidManifest.xml:19:5-84
	android:name
		ADDED from CDTCAssistant/push/AndroidManifest.xml:19:22-81
uses-permission#android.permission.BROADCAST_PACKAGE_REPLACED
ADDED from CDTCAssistant/push/AndroidManifest.xml:20:5-85
	android:name
		ADDED from CDTCAssistant/push/AndroidManifest.xml:20:22-82
uses-permission#android.permission.RESTART_PACKAGES
ADDED from CDTCAssistant/push/AndroidManifest.xml:21:5-75
	android:name
		ADDED from CDTCAssistant/push/AndroidManifest.xml:21:22-72
uses-permission#android.permission.GET_TASKS
ADDED from CDTCAssistant/push/AndroidManifest.xml:22:5-68
	android:name
		ADDED from CDTCAssistant/push/AndroidManifest.xml:22:22-65
uses-permission#android.permission.RECEIVE_BOOT_COMPLETED
ADDED from CDTCAssistant/push/AndroidManifest.xml:23:5-81
	android:name
		ADDED from CDTCAssistant/push/AndroidManifest.xml:23:22-78
uses-permission#android.permission.CHANGE_NETWORK_STATE
ADDED from CDTCAssistant/push/AndroidManifest.xml:24:5-79
	android:name
		ADDED from CDTCAssistant/push/AndroidManifest.xml:24:22-76
uses-permission#android.permission.CHANGE_WIFI_STATE
ADDED from CDTCAssistant/push/AndroidManifest.xml:25:5-76
	android:name
		ADDED from CDTCAssistant/push/AndroidManifest.xml:25:22-73
uses-permission#${applicationId}.permission.MIPUSH_RECEIVE
ADDED from CDTCAssistant/push/AndroidManifest.xml:26:5-82
	android:name
		ADDED from CDTCAssistant/push/AndroidManifest.xml:26:22-79
uses-permission#com.meizu.flyme.push.permission.RECEIVE
ADDED from CDTCAssistant/push/AndroidManifest.xml:29:5-79
	android:name
		ADDED from CDTCAssistant/push/AndroidManifest.xml:29:22-76
permission#${applicationId}.push.permission.MESSAGE
ADDED from CDTCAssistant/push/AndroidManifest.xml:30:5-32:47
	android:protectionLevel
		ADDED from CDTCAssistant/push/AndroidManifest.xml:32:9-44
	android:name
		ADDED from CDTCAssistant/push/AndroidManifest.xml:31:9-64
uses-permission#${applicationId}.push.permission.MESSAGE
ADDED from CDTCAssistant/push/AndroidManifest.xml:33:5-80
	android:name
		ADDED from CDTCAssistant/push/AndroidManifest.xml:33:22-77
uses-permission#com.meizu.c2dm.permission.RECEIVE
ADDED from CDTCAssistant/push/AndroidManifest.xml:36:5-73
	android:name
		ADDED from CDTCAssistant/push/AndroidManifest.xml:36:22-70
permission#${applicationId}.permission.C2D_MESSAGE
ADDED from CDTCAssistant/push/AndroidManifest.xml:37:5-39:47
	android:protectionLevel
		ADDED from CDTCAssistant/push/AndroidManifest.xml:39:9-44
	android:name
		ADDED from CDTCAssistant/push/AndroidManifest.xml:38:9-63
uses-permission#${applicationId}.permission.C2D_MESSAGE
ADDED from CDTCAssistant/push/AndroidManifest.xml:40:5-79
	android:name
		ADDED from CDTCAssistant/push/AndroidManifest.xml:40:22-76
application
ADDED from CDTCAssistant/push/AndroidManifest.xml:42:5-230:19
service#com.taobao.accs.ChannelService
ADDED from CDTCAssistant/push/AndroidManifest.xml:44:9-54:19
	android:process
		ADDED from CDTCAssistant/push/AndroidManifest.xml:47:13-39
	android:exported
		ADDED from CDTCAssistant/push/AndroidManifest.xml:46:13-36
	android:name
		ADDED from CDTCAssistant/push/AndroidManifest.xml:45:13-58
intent-filter#action:name:com.taobao.accs.intent.action.SERVICE
ADDED from CDTCAssistant/push/AndroidManifest.xml:48:13-50:29
action#com.taobao.accs.intent.action.SERVICE
ADDED from CDTCAssistant/push/AndroidManifest.xml:49:17-80
	android:name
		ADDED from CDTCAssistant/push/AndroidManifest.xml:49:25-77
intent-filter#action:name:com.taobao.accs.intent.action.ELECTION
ADDED from CDTCAssistant/push/AndroidManifest.xml:51:13-53:29
action#com.taobao.accs.intent.action.ELECTION
ADDED from CDTCAssistant/push/AndroidManifest.xml:52:17-81
	android:name
		ADDED from CDTCAssistant/push/AndroidManifest.xml:52:25-78
service#com.taobao.accs.data.MsgDistributeService
ADDED from CDTCAssistant/push/AndroidManifest.xml:56:9-62:19
	android:exported
		ADDED from CDTCAssistant/push/AndroidManifest.xml:58:13-36
	android:name
		ADDED from CDTCAssistant/push/AndroidManifest.xml:57:13-69
intent-filter#action:name:com.taobao.accs.intent.action.RECEIVE
ADDED from CDTCAssistant/push/AndroidManifest.xml:59:13-61:29
action#com.taobao.accs.intent.action.RECEIVE
ADDED from CDTCAssistant/push/AndroidManifest.xml:60:17-80
	android:name
		ADDED from CDTCAssistant/push/AndroidManifest.xml:60:25-77
receiver#com.taobao.accs.EventReceiver
ADDED from CDTCAssistant/push/AndroidManifest.xml:64:9-80:20
	android:process
		ADDED from CDTCAssistant/push/AndroidManifest.xml:66:13-39
	android:name
		ADDED from CDTCAssistant/push/AndroidManifest.xml:65:13-57
intent-filter#action:name:android.intent.action.BOOT_COMPLETED
ADDED from CDTCAssistant/push/AndroidManifest.xml:67:13-69:29
action#android.intent.action.BOOT_COMPLETED
ADDED from CDTCAssistant/push/AndroidManifest.xml:68:17-79
	android:name
		ADDED from CDTCAssistant/push/AndroidManifest.xml:68:25-76
intent-filter#action:name:android.net.conn.CONNECTIVITY_CHANGE
ADDED from CDTCAssistant/push/AndroidManifest.xml:70:13-72:29
action#android.net.conn.CONNECTIVITY_CHANGE
ADDED from CDTCAssistant/push/AndroidManifest.xml:71:17-79
	android:name
		ADDED from CDTCAssistant/push/AndroidManifest.xml:71:25-76
intent-filter#action:name:android.intent.action.PACKAGE_REMOVED+data:scheme:package
ADDED from CDTCAssistant/push/AndroidManifest.xml:73:13-76:29
action#android.intent.action.PACKAGE_REMOVED
ADDED from CDTCAssistant/push/AndroidManifest.xml:74:17-80
	android:name
		ADDED from CDTCAssistant/push/AndroidManifest.xml:74:25-77
data
ADDED from CDTCAssistant/push/AndroidManifest.xml:75:17-50
	android:scheme
		ADDED from CDTCAssistant/push/AndroidManifest.xml:75:23-47
intent-filter#action:name:android.intent.action.USER_PRESENT
ADDED from CDTCAssistant/push/AndroidManifest.xml:77:13-79:29
action#android.intent.action.USER_PRESENT
ADDED from CDTCAssistant/push/AndroidManifest.xml:78:17-77
	android:name
		ADDED from CDTCAssistant/push/AndroidManifest.xml:78:25-74
receiver#com.taobao.accs.ServiceReceiver
ADDED from CDTCAssistant/push/AndroidManifest.xml:82:9-91:20
	android:process
		ADDED from CDTCAssistant/push/AndroidManifest.xml:84:13-39
	android:name
		ADDED from CDTCAssistant/push/AndroidManifest.xml:83:13-59
intent-filter#action:name:com.taobao.accs.intent.action.COMMAND
ADDED from CDTCAssistant/push/AndroidManifest.xml:85:13-87:29
action#com.taobao.accs.intent.action.COMMAND
ADDED from CDTCAssistant/push/AndroidManifest.xml:86:17-80
	android:name
		ADDED from CDTCAssistant/push/AndroidManifest.xml:86:25-77
intent-filter#action:name:com.taobao.accs.intent.action.START_FROM_AGOO
ADDED from CDTCAssistant/push/AndroidManifest.xml:88:13-90:29
action#com.taobao.accs.intent.action.START_FROM_AGOO
ADDED from CDTCAssistant/push/AndroidManifest.xml:89:17-88
	android:name
		ADDED from CDTCAssistant/push/AndroidManifest.xml:89:25-85
service#com.taobao.accs.internal.AccsJobService
ADDED from CDTCAssistant/push/AndroidManifest.xml:93:9-96:41
	android:process
		ADDED from CDTCAssistant/push/AndroidManifest.xml:96:13-39
	android:permission
		ADDED from CDTCAssistant/push/AndroidManifest.xml:95:13-69
	android:name
		ADDED from CDTCAssistant/push/AndroidManifest.xml:94:13-67
service#com.taobao.accs.ChannelService$KernelService
ADDED from CDTCAssistant/push/AndroidManifest.xml:98:9-100:42
	android:process
		ADDED from CDTCAssistant/push/AndroidManifest.xml:100:13-39
	android:name
		ADDED from CDTCAssistant/push/AndroidManifest.xml:99:13-72
service#org.android.agoo.accs.AgooService
ADDED from CDTCAssistant/push/AndroidManifest.xml:102:9-108:19
	android:exported
		ADDED from CDTCAssistant/push/AndroidManifest.xml:104:13-36
	android:name
		ADDED from CDTCAssistant/push/AndroidManifest.xml:103:13-61
service#com.umeng.message.UmengIntentService
ADDED from CDTCAssistant/push/AndroidManifest.xml:110:9-117:19
	android:process
		ADDED from CDTCAssistant/push/AndroidManifest.xml:113:13-39
	android:exported
		ADDED from CDTCAssistant/push/AndroidManifest.xml:112:13-36
	android:name
		ADDED from CDTCAssistant/push/AndroidManifest.xml:111:13-64
intent-filter#action:name:org.agoo.android.intent.action.RECEIVE
ADDED from CDTCAssistant/push/AndroidManifest.xml:114:13-116:29
action#org.agoo.android.intent.action.RECEIVE
ADDED from CDTCAssistant/push/AndroidManifest.xml:115:17-81
	android:name
		ADDED from CDTCAssistant/push/AndroidManifest.xml:115:25-78
service#com.umeng.message.XiaomiIntentService
ADDED from CDTCAssistant/push/AndroidManifest.xml:119:9-126:19
	android:process
		ADDED from CDTCAssistant/push/AndroidManifest.xml:122:13-39
	android:exported
		ADDED from CDTCAssistant/push/AndroidManifest.xml:121:13-36
	android:name
		ADDED from CDTCAssistant/push/AndroidManifest.xml:120:13-65
receiver#com.taobao.agoo.AgooCommondReceiver
ADDED from CDTCAssistant/push/AndroidManifest.xml:128:9-139:20
	android:process
		ADDED from CDTCAssistant/push/AndroidManifest.xml:131:13-39
	android:exported
		ADDED from CDTCAssistant/push/AndroidManifest.xml:130:13-36
	android:name
		ADDED from CDTCAssistant/push/AndroidManifest.xml:129:13-63
intent-filter#action:name:${applicationId}.intent.action.COMMAND
ADDED from CDTCAssistant/push/AndroidManifest.xml:132:13-134:29
action#${applicationId}.intent.action.COMMAND
ADDED from CDTCAssistant/push/AndroidManifest.xml:133:17-81
	android:name
		ADDED from CDTCAssistant/push/AndroidManifest.xml:133:25-78
service#com.umeng.message.UmengMessageIntentReceiverService
ADDED from CDTCAssistant/push/AndroidManifest.xml:141:9-148:19
	android:process
		ADDED from CDTCAssistant/push/AndroidManifest.xml:144:13-39
	android:exported
		ADDED from CDTCAssistant/push/AndroidManifest.xml:143:13-36
	android:name
		ADDED from CDTCAssistant/push/AndroidManifest.xml:142:13-79
intent-filter#action:name:org.android.agoo.client.MessageReceiverService
ADDED from CDTCAssistant/push/AndroidManifest.xml:145:13-147:29
action#org.android.agoo.client.MessageReceiverService
ADDED from CDTCAssistant/push/AndroidManifest.xml:146:17-89
	android:name
		ADDED from CDTCAssistant/push/AndroidManifest.xml:146:25-86
receiver#com.umeng.message.NotificationProxyBroadcastReceiver
ADDED from CDTCAssistant/push/AndroidManifest.xml:150:9-152:40
	android:exported
		ADDED from CDTCAssistant/push/AndroidManifest.xml:152:13-37
	android:name
		ADDED from CDTCAssistant/push/AndroidManifest.xml:151:13-80
service#com.umeng.message.UmengMessageCallbackHandlerService
ADDED from CDTCAssistant/push/AndroidManifest.xml:154:9-172:19
	android:exported
		ADDED from CDTCAssistant/push/AndroidManifest.xml:156:13-37
	android:name
		ADDED from CDTCAssistant/push/AndroidManifest.xml:155:13-80
intent-filter#action:name:com.umeng.messge.registercallback.action
ADDED from CDTCAssistant/push/AndroidManifest.xml:157:13-159:29
action#com.umeng.messge.registercallback.action
ADDED from CDTCAssistant/push/AndroidManifest.xml:158:17-83
	android:name
		ADDED from CDTCAssistant/push/AndroidManifest.xml:158:25-80
intent-filter#action:name:com.umeng.message.enablecallback.action
ADDED from CDTCAssistant/push/AndroidManifest.xml:160:13-162:29
action#com.umeng.message.enablecallback.action
ADDED from CDTCAssistant/push/AndroidManifest.xml:161:17-82
	android:name
		ADDED from CDTCAssistant/push/AndroidManifest.xml:161:25-79
intent-filter#action:name:com.umeng.message.disablecallback.action
ADDED from CDTCAssistant/push/AndroidManifest.xml:163:13-165:29
action#com.umeng.message.disablecallback.action
ADDED from CDTCAssistant/push/AndroidManifest.xml:164:17-83
	android:name
		ADDED from CDTCAssistant/push/AndroidManifest.xml:164:25-80
intent-filter#action:name:com.umeng.message.message.handler.action
ADDED from CDTCAssistant/push/AndroidManifest.xml:166:13-168:29
action#com.umeng.message.message.handler.action
ADDED from CDTCAssistant/push/AndroidManifest.xml:167:17-83
	android:name
		ADDED from CDTCAssistant/push/AndroidManifest.xml:167:25-80
intent-filter#action:name:com.umeng.message.message.sendmessage.action
ADDED from CDTCAssistant/push/AndroidManifest.xml:169:13-171:29
action#com.umeng.message.message.sendmessage.action
ADDED from CDTCAssistant/push/AndroidManifest.xml:170:17-87
	android:name
		ADDED from CDTCAssistant/push/AndroidManifest.xml:170:25-84
service#com.umeng.message.UmengDownloadResourceService
ADDED from CDTCAssistant/push/AndroidManifest.xml:174:9-176:40
	android:exported
		ADDED from CDTCAssistant/push/AndroidManifest.xml:176:13-37
	android:name
		ADDED from CDTCAssistant/push/AndroidManifest.xml:175:13-74
provider#com.umeng.message.provider.MessageProvider
ADDED from CDTCAssistant/push/AndroidManifest.xml:178:9-183:20
	android:authorities
		ADDED from CDTCAssistant/push/AndroidManifest.xml:180:13-65
	android:exported
		ADDED from CDTCAssistant/push/AndroidManifest.xml:181:13-37
	android:name
		ADDED from CDTCAssistant/push/AndroidManifest.xml:179:13-70
grant-uri-permission
ADDED from CDTCAssistant/push/AndroidManifest.xml:182:13-62
	android:pathPattern
		ADDED from CDTCAssistant/push/AndroidManifest.xml:182:35-59
service#com.xiaomi.mipush.sdk.PushMessageHandler
ADDED from CDTCAssistant/push/AndroidManifest.xml:186:9-189:39
	android:enabled
		ADDED from CDTCAssistant/push/AndroidManifest.xml:188:13-35
	android:exported
		ADDED from CDTCAssistant/push/AndroidManifest.xml:189:13-36
	android:name
		ADDED from CDTCAssistant/push/AndroidManifest.xml:187:13-68
service#com.xiaomi.mipush.sdk.MessageHandleService
ADDED from CDTCAssistant/push/AndroidManifest.xml:191:9-193:38
	android:enabled
		ADDED from CDTCAssistant/push/AndroidManifest.xml:193:13-35
	android:name
		ADDED from CDTCAssistant/push/AndroidManifest.xml:192:13-70
receiver#org.android.agoo.xiaomi.MiPushBroadcastReceiver
ADDED from CDTCAssistant/push/AndroidManifest.xml:195:9-204:20
	android:exported
		ADDED from CDTCAssistant/push/AndroidManifest.xml:197:13-36
	android:name
		ADDED from CDTCAssistant/push/AndroidManifest.xml:196:13-75
intent-filter#action:name:com.xiaomi.mipush.RECEIVE_MESSAGE
ADDED from CDTCAssistant/push/AndroidManifest.xml:198:13-200:29
action#com.xiaomi.mipush.RECEIVE_MESSAGE
ADDED from CDTCAssistant/push/AndroidManifest.xml:199:17-76
	android:name
		ADDED from CDTCAssistant/push/AndroidManifest.xml:199:25-73
intent-filter#action:name:com.xiaomi.mipush.ERROR
ADDED from CDTCAssistant/push/AndroidManifest.xml:201:13-203:29
action#com.xiaomi.mipush.ERROR
ADDED from CDTCAssistant/push/AndroidManifest.xml:202:17-66
	android:name
		ADDED from CDTCAssistant/push/AndroidManifest.xml:202:25-63
receiver#org.android.agoo.huawei.HuaWeiReceiver
ADDED from CDTCAssistant/push/AndroidManifest.xml:207:9-214:20
	android:name
		ADDED from CDTCAssistant/push/AndroidManifest.xml:207:19-72
intent-filter#action:name:com.huawei.android.push.intent.RECEIVE+action:name:com.huawei.android.push.intent.REGISTRATION+action:name:com.huawei.intent.action.PUSH+action:name:com.huawei.intent.action.PUSH_STATE
ADDED from CDTCAssistant/push/AndroidManifest.xml:208:13-213:29
action#com.huawei.android.push.intent.REGISTRATION
ADDED from CDTCAssistant/push/AndroidManifest.xml:209:17-86
	android:name
		ADDED from CDTCAssistant/push/AndroidManifest.xml:209:25-83
action#com.huawei.android.push.intent.RECEIVE
ADDED from CDTCAssistant/push/AndroidManifest.xml:210:17-81
	android:name
		ADDED from CDTCAssistant/push/AndroidManifest.xml:210:25-78
action#com.huawei.intent.action.PUSH
ADDED from CDTCAssistant/push/AndroidManifest.xml:211:17-72
	android:name
		ADDED from CDTCAssistant/push/AndroidManifest.xml:211:25-69
action#com.huawei.intent.action.PUSH_STATE
ADDED from CDTCAssistant/push/AndroidManifest.xml:212:17-78
	android:name
		ADDED from CDTCAssistant/push/AndroidManifest.xml:212:25-75
service#com.meizu.cloud.pushsdk.NotificationService
ADDED from CDTCAssistant/push/AndroidManifest.xml:217:9-219:39
	android:exported
		ADDED from CDTCAssistant/push/AndroidManifest.xml:219:13-36
	android:name
		ADDED from CDTCAssistant/push/AndroidManifest.xml:218:13-71
receiver#com.meizu.cloud.pushsdk.SystemReceiver
ADDED from CDTCAssistant/push/AndroidManifest.xml:221:9-229:20
	android:exported
		ADDED from CDTCAssistant/push/AndroidManifest.xml:223:13-37
	android:name
		ADDED from CDTCAssistant/push/AndroidManifest.xml:222:13-66
intent-filter#action:name:com.meizu.cloud.pushservice.action.PUSH_SERVICE_START+category:name:android.intent.category.DEFAULT
ADDED from CDTCAssistant/push/AndroidManifest.xml:224:13-228:29
action#com.meizu.cloud.pushservice.action.PUSH_SERVICE_START
ADDED from CDTCAssistant/push/AndroidManifest.xml:225:17-96
	android:name
		ADDED from CDTCAssistant/push/AndroidManifest.xml:225:25-93
category#android.intent.category.DEFAULT
ADDED from CDTCAssistant/push/AndroidManifest.xml:227:17-76
	android:name
		ADDED from CDTCAssistant/push/AndroidManifest.xml:227:27-73
uses-sdk
INJECTED from CDTCAssistant/push/AndroidManifest.xml reason: use-sdk injection requested
INJECTED from CDTCAssistant/push/AndroidManifest.xml
INJECTED from CDTCAssistant/push/AndroidManifest.xml
INJECTED from CDTCAssistant/push/AndroidManifest.xml
INJECTED from CDTCAssistant/push/AndroidManifest.xml
	android:targetSdkVersion
		INJECTED from CDTCAssistant/push/AndroidManifest.xml
		ADDED from CDTCAssistant/push/AndroidManifest.xml
		INJECTED from CDTCAssistant/push/AndroidManifest.xml
	android:minSdkVersion
		INJECTED from CDTCAssistant/push/AndroidManifest.xml
		ADDED from CDTCAssistant/push/AndroidManifest.xml
		INJECTED from CDTCAssistant/push/AndroidManifest.xml